{"log":"XXX_THE_START_OF_A_WHISK_ACTIVATION_XXX with id 0556d0110ae0487b96d0110ae0887b59\n","stream":"stdout","time":"2018-09-12T17:01:57.901919923Z"}
{"log":"XXX_THE_START_OF_A_WHISK_ACTIVATION_XXX with id 0556d0110ae0487b96d0110ae0887b59\n","stream":"stderr","time":"2018-09-12T17:01:57.902590218Z"}
{"log":"0: 0123456789abcdef0123456789abcdef0123456789abcdef0123456789abcdef0123456789abcdef0123456789abcdef0123456789abcdef0123456789abcdef\n","stream":"stdout","time":"2018-09-12T17:01:57.902863972Z"}
{"log":"XXX_THE_END_OF_A_WHISK_ACTIVATION_XXX\n","stream":"stderr","time":"2018-09-12T17:01:57.903202351Z"}
{"log":"XXX_THE_END_OF_A_WHISK_ACTIVATION_XXX\n","stream":"stdout","time":"2018-09-12T17:01:57.903343602Z"}
{"log":"XXX_THE_START_OF_A_WHISK_ACTIVATION_XXX with id ede4944178c84254a4944178c82254b5\n","stream":"stdout","time":"2018-09-12T17:02:00.111240293Z"}
{"log":"0: 0123456789abcdef0123456789abcdef0123456789abcdef0123456789abcdef0123456789abcdef0123456789abcdef0123456789abcdef0123456789abcdef\n","stream":"stdout","time":"2018-09-12T17:02:00.111279879Z"}
{"log":"1: 0123456789abcdef0123456789abcdef0123456789abcdef0123456789abcdef0123456789abcdef0123456789abcdef0123456789abcdef0123456789abcdef\n","stream":"stdout","time":"2018-09-12T17:02:00.111286373Z"}
{"log":"XXX_THE_START_OF_A_WHISK_ACTIVATION_XXX with id ede4944178c84254a4944178c82254b5\n","stream":"stderr","time":"2018-09-12T17:02:00.111406981Z"}
{"log":"XXX_THE_END_OF_A_WHISK_ACTIVATION_XXX\n","stream":"stderr","time":"2018-09-12T17:02:00.111424423Z"}
{"log":"XXX_THE_END_OF_A_WHISK_ACTIVATION_XXX\n","stream":"stdout","time":"2018-09-12T17:02:00.111571362Z"}
{"log":"XXX_THE_START_OF_A_WHISK_ACTIVATION_XXX with id 982bc51e2ab14820abc51e2ab1f8206d\n","stream":"stderr","time":"2018-09-12T17:02:00.795529622Z"}
{"log":"XXX_THE_END_OF_A_WHISK_ACTIVATION_XXX\n","stream":"stderr","time":"2018-09-12T17:02:00.795582062Z"}
{"log":"XXX_THE_START_OF_A_WHISK_ACTIVATION_XXX with id 982bc51e2ab14820abc51e2ab1f8206d\n","stream":"stdout","time":"2018-09-12T17:02:00.795726083Z"}
{"log":"0: 0123456789abcdef0123456789abcdef0123456789abcdef0123456789abcdef0123456789abcdef0123456789abcdef0123456789abcdef0123456789abcdef\n","stream":"stdout","time":"2018-09-12T17:02:00.795736624Z"}
{"log":"1: 0123456789abcdef0123456789abcdef0123456789abcdef0123456789abcdef0123456789abcdef0123456789abcdef0123456789abcdef0123456789abcdef\n","stream":"stdout","time":"2018-09-12T17:02:00.795741846Z"}
{"log":"2: 0123456789abcdef0123456789abcdef0123456789abcdef0123456789abcdef0123456789abcdef0123456789abcdef0123456789abcdef0123456789abcdef\n","stream":"stdout","time":"2018-09-12T17:02:00.795746434Z"}
{"log":"3: 0123456789abcdef0123456789abcdef0123456789abcdef0123456789abcdef0123456789abcdef0123456789abcdef0123456789abcdef0123456789abcdef\n","stream":"stdout","time":"2018-09-12T17:02:00.795751135Z"}
{"log":"XXX_THE_END_OF_A_WHISK_ACTIVATION_XXX\n","stream":"stdout","time":"2018-09-12T17:02:00.795773698Z"}
{"log":"XXX_THE_START_OF_A_WHISK_ACTIVATION_XXX with id 04fd2e2d235f461cbd2e2d235f461cc9\n","stream":"stderr","time":"2018-09-12T17:02:01.500088654Z"}
{"log":"XXX_THE_END_OF_A_WHISK_ACTIVATION_XXX\n","stream":"stderr","time":"2018-09-12T17:02:01.50037489Z"}
{"log":"XXX_THE_START_OF_A_WHISK_ACTIVATION_XXX with id 04fd2e2d235f461cbd2e2d235f461cc9\n","stream":"stdout","time":"2018-09-12T17:02:01.501869646Z"}
{"log":"0: 0123456789abcdef0123456789abcdef0123456789abcdef0123456789abcdef0123456789abcdef0123456789abcdef0123456789abcdef0123456789abcdef\n","stream":"stdout","time":"2018-09-12T17:02:01.501901488Z"}
{"log":"1: 0123456789abcdef0123456789abcdef0123456789abcdef0123456789abcdef0123456789abcdef0123456789abcdef0123456789abcdef0123456789abcdef\n","stream":"stdout","time":"2018-09-12T17:02:01.50190772Z"}
{"log":"2: 0123456789abcdef0123456789abcdef0123456789abcdef0123456789abcdef0123456789abcdef0123456789abcdef0123456789abcdef0123456789abcdef\n","stream":"stdout","time":"2018-09-12T17:02:01.501912687Z"}
{"log":"3: 0123456789abcdef0123456789abcdef0123456789abcdef0123456789abcdef0123456789abcdef0123456789abcdef0123456789abcdef0123456789abcdef\n","stream":"stdout","time":"2018-09-12T17:02:01.501917741Z"}
{"log":"4: 0123456789abcdef0123456789abcdef0123456789abcdef0123456789abcdef0123456789abcdef0123456789abcdef0123456789abcdef0123456789abcdef\n","stream":"stdout","time":"2018-09-12T17:02:01.501924377Z"}
{"log":"XXX_THE_END_OF_A_WHISK_ACTIVATION_XXX\n","stream":"stdout","time":"2018-09-12T17:02:01.501954202Z"}
{"log":"XXX_THE_START_OF_A_WHISK_ACTIVATION_XXX with id a03c5c72fccb438dbc5c72fccb438da3\n","stream":"stderr","time":"2018-09-12T17:02:02.170667384Z"}
{"log":"XXX_THE_START_OF_A_WHISK_ACTIVATION_XXX with id a03c5c72fccb438dbc5c72fccb438da3\n","stream":"stdout","time":"2018-09-12T17:02:02.170809194Z"}
{"log":"0: 0123456789abcdef0123456789abcdef0123456789abcdef0123456789abcdef0123456789abcdef0123456789abcdef0123456789abcdef0123456789abcdef\n","stream":"stdout","time":"2018-09-12T17:02:02.170828956Z"}
{"log":"1: 0123456789abcdef0123456789abcdef0123456789abcdef0123456789abcdef0123456789abcdef0123456789abcdef0123456789abcdef0123456789abcdef\n","stream":"stdout","time":"2018-09-12T17:02:02.170834841Z"}
{"log":"2: 0123456789abcdef0123456789abcdef0123456789abcdef0123456789abcdef0123456789abcdef0123456789abcdef0123456789abcdef0123456789abcdef\n","stream":"stdout","time":"2018-09-12T17:02:02.170839857Z"}
{"log":"3: 0123456789abcdef0123456789abcdef0123456789abcdef0123456789abcdef0123456789abcdef0123456789abcdef0123456789abcdef0123456789abcdef\n","stream":"stdout","time":"2018-09-12T17:02:02.170844615Z"}
{"log":"4: 0123456789abcdef0123456789abcdef0123456789abcdef0123456789abcdef0123456789abcdef0123456789abcdef0123456789abcdef0123456789abcdef\n","stream":"stdout","time":"2018-09-12T17:02:02.17084919Z"}
{"log":"5: 0123456789abcdef0123456789abcdef0123456789abcdef0123456789abcdef0123456789abcdef0123456789abcdef0123456789abcdef0123456789abcdef\n","stream":"stdout","time":"2018-09-12T17:02:02.170854063Z"}
{"log":"XXX_THE_END_OF_A_WHISK_ACTIVATION_XXX\n","stream":"stdout","time":"2018-09-12T17:02:02.170867613Z"}
{"log":"XXX_THE_END_OF_A_WHISK_ACTIVATION_XXX\n","stream":"stderr","time":"2018-09-12T17:02:02.171285587Z"}
{"log":"XXX_THE_START_OF_A_WHISK_ACTIVATION_XXX with id ccadaddb409f4acbadaddb409f8acb43\n","stream":"stderr","time":"2018-09-12T17:02:02.877258636Z"}
{"log":"XXX_THE_START_OF_A_WHISK_ACTIVATION_XXX with id ccadaddb409f4acbadaddb409f8acb43\n","stream":"stdout","time":"2018-09-12T17:02:02.877417699Z"}
{"log":"0: 0123456789abcdef0123456789abcdef0123456789abcdef0123456789abcdef0123456789abcdef0123456789abcdef0123456789abcdef0123456789abcdef\n","stream":"stdout","time":"2018-09-12T17:02:02.877430874Z"}
{"log":"1: 0123456789abcdef0123456789abcdef0123456789abcdef0123456789abcdef0123456789abcdef0123456789abcdef0123456789abcdef0123456789abcdef\n","stream":"stdout","time":"2018-09-12T17:02:02.877436631Z"}
{"log":"2: 0123456789abcdef0123456789abcdef0123456789abcdef0123456789abcdef0123456789abcdef0123456789abcdef0123456789abcdef0123456789abcdef\n","stream":"stdout","time":"2018-09-12T17:02:02.877441467Z"}
{"log":"3: 0123456789abcdef0123456789abcdef0123456789abcdef0123456789abcdef0123456789abcdef0123456789abcdef0123456789abcdef0123456789abcdef\n","stream":"stdout","time":"2018-09-12T17:02:02.877446227Z"}
{"log":"4: 0123456789abcdef0123456789abcdef0123456789abcdef0123456789abcdef0123456789abcdef0123456789abcdef0123456789abcdef0123456789abcdef\n","stream":"stdout","time":"2018-09-12T17:02:02.87745085Z"}
{"log":"5: 0123456789abcdef0123456789abcdef0123456789abcdef0123456789abcdef0123456789abcdef0123456789abcdef0123456789abcdef0123456789abcdef\n","stream":"stdout","time":"2018-09-12T17:02:02.877455505Z"}
{"log":"6: 0123456789abcdef0123456789abcdef0123456789abcdef0123456789abcdef0123456789abcdef0123456789abcdef0123456789abcdef0123456789abcdef\n","stream":"stdout","time":"2018-09-12T17:02:02.877460084Z"}
{"log":"XXX_THE_END_OF_A_WHISK_ACTIVATION_XXX\n","stream":"stdout","time":"2018-09-12T17:02:02.877477059Z"}
{"log":"XXX_THE_END_OF_A_WHISK_ACTIVATION_XXX\n","stream":"stderr","time":"2018-09-12T17:02:02.877606049Z"}
{"log":"XXX_THE_START_OF_A_WHISK_ACTIVATION_XXX with id 0556d0110ae0487b96d0110ae0887b59\n","stream":"stdout","time":"2018-09-12T17:01:57.901919923Z"}
{"log":"XXX_THE_START_OF_A_WHISK_ACTIVATION_XXX with id 0556d0110ae0487b96d0110ae0887b59\n","stream":"stderr","time":"2018-09-12T17:01:57.902590218Z"}
{"log":"0: 0123456789abcdef0123456789abcdef0123456789abcdef0123456789abcdef0123456789abcdef0123456789abcdef0123456789abcdef0123456789abcdef\n","stream":"stdout","time":"2018-09-12T17:01:57.902863972Z"}
{"log":"XXX_THE_END_OF_A_WHISK_ACTIVATION_XXX\n","stream":"stderr","time":"2018-09-12T17:01:57.903202351Z"}
{"log":"XXX_THE_END_OF_A_WHISK_ACTIVATION_XXX\n","stream":"stdout","time":"2018-09-12T17:01:57.903343602Z"}
{"log":"XXX_THE_START_OF_A_WHISK_ACTIVATION_XXX with id ede4944178c84254a4944178c82254b5\n","stream":"stdout","time":"2018-09-12T17:02:00.111240293Z"}
{"log":"0: 0123456789abcdef0123456789abcdef0123456789abcdef0123456789abcdef0123456789abcdef0123456789abcdef0123456789abcdef0123456789abcdef\n","stream":"stdout","time":"2018-09-12T17:02:00.111279879Z"}
{"log":"1: 0123456789abcdef0123456789abcdef0123456789abcdef0123456789abcdef0123456789abcdef0123456789abcdef0123456789abcdef0123456789abcdef\n","stream":"stdout","time":"2018-09-12T17:02:00.111286373Z"}
{"log":"XXX_THE_START_OF_A_WHISK_ACTIVATION_XXX with id ede4944178c84254a4944178c82254b5\n","stream":"stderr","time":"2018-09-12T17:02:00.111406981Z"}
{"log":"XXX_THE_END_OF_A_WHISK_ACTIVATION_XXX\n","stream":"stderr","time":"2018-09-12T17:02:00.111424423Z"}
{"log":"XXX_THE_END_OF_A_WHISK_ACTIVATION_XXX\n","stream":"stdout","time":"2018-09-12T17:02:00.111571362Z"}
{"log":"XXX_THE_START_OF_A_WHISK_ACTIVATION_XXX with id 982bc51e2ab14820abc51e2ab1f8206d\n","stream":"stderr","time":"2018-09-12T17:02:00.795529622Z"}
{"log":"XXX_THE_END_OF_A_WHISK_ACTIVATION_XXX\n","stream":"stderr","time":"2018-09-12T17:02:00.795582062Z"}
{"log":"XXX_THE_START_OF_A_WHISK_ACTIVATION_XXX with id 982bc51e2ab14820abc51e2ab1f8206d\n","stream":"stdout","time":"2018-09-12T17:02:00.795726083Z"}
{"log":"0: 0123456789abcdef0123456789abcdef0123456789abcdef0123456789abcdef0123456789abcdef0123456789abcdef0123456789abcdef0123456789abcdef\n","stream":"stdout","time":"2018-09-12T17:02:00.795736624Z"}
{"log":"1: 0123456789abcdef0123456789abcdef0123456789abcdef0123456789abcdef0123456789abcdef0123456789abcdef0123456789abcdef0123456789abcdef\n","stream":"stdout","time":"2018-09-12T17:02:00.795741846Z"}
{"log":"2: 0123456789abcdef0123456789abcdef0123456789abcdef0123456789abcdef0123456789abcdef0123456789abcdef0123456789abcdef0123456789abcdef\n","stream":"stdout","time":"2018-09-12T17:02:00.795746434Z"}
{"log":"3: 0123456789abcdef0123456789abcdef0123456789abcdef0123456789abcdef0123456789abcdef0123456789abcdef0123456789abcdef0123456789abcdef\n","stream":"stdout","time":"2018-09-12T17:02:00.795751135Z"}
{"log":"XXX_THE_END_OF_A_WHISK_ACTIVATION_XXX\n","stream":"stdout","time":"2018-09-12T17:02:00.795773698Z"}
{"log":"XXX_THE_START_OF_A_WHISK_ACTIVATION_XXX with id 04fd2e2d235f461cbd2e2d235f461cc9\n","stream":"stderr","time":"2018-09-12T17:02:01.500088654Z"}
{"log":"XXX_THE_END_OF_A_WHISK_ACTIVATION_XXX\n","stream":"stderr","time":"2018-09-12T17:02:01.50037489Z"}
{"log":"XXX_THE_START_OF_A_WHISK_ACTIVATION_XXX with id 04fd2e2d235f461cbd2e2d235f461cc9\n","stream":"stdout","time":"2018-09-12T17:02:01.501869646Z"}
{"log":"0: 0123456789abcdef0123456789abcdef0123456789abcdef0123456789abcdef0123456789abcdef0123456789abcdef0123456789abcdef0123456789abcdef\n","stream":"stdout","time":"2018-09-12T17:02:01.501901488Z"}
{"log":"1: 0123456789abcdef0123456789abcdef0123456789abcdef0123456789abcdef0123456789abcdef0123456789abcdef0123456789abcdef0123456789abcdef\n","stream":"stdout","time":"2018-09-12T17:02:01.50190772Z"}
{"log":"2: 0123456789abcdef0123456789abcdef0123456789abcdef0123456789abcdef0123456789abcdef0123456789abcdef0123456789abcdef0123456789abcdef\n","stream":"stdout","time":"2018-09-12T17:02:01.501912687Z"}
{"log":"3: 0123456789abcdef0123456789abcdef0123456789abcdef0123456789abcdef0123456789abcdef0123456789abcdef0123456789abcdef0123456789abcdef\n","stream":"stdout","time":"2018-09-12T17:02:01.501917741Z"}
{"log":"4: 0123456789abcdef0123456789abcdef0123456789abcdef0123456789abcdef0123456789abcdef0123456789abcdef0123456789abcdef0123456789abcdef\n","stream":"stdout","time":"2018-09-12T17:02:01.501924377Z"}
{"log":"XXX_THE_END_OF_A_WHISK_ACTIVATION_XXX\n","stream":"stdout","time":"2018-09-12T17:02:01.501954202Z"}
{"log":"XXX_THE_START_OF_A_WHISK_ACTIVATION_XXX with id a03c5c72fccb438dbc5c72fccb438da3\n","stream":"stderr","time":"2018-09-12T17:02:02.170667384Z"}
{"log":"XXX_THE_START_OF_A_WHISK_ACTIVATION_XXX with id a03c5c72fccb438dbc5c72fccb438da3\n","stream":"stdout","time":"2018-09-12T17:02:02.170809194Z"}
{"log":"0: 0123456789abcdef0123456789abcdef0123456789abcdef0123456789abcdef0123456789abcdef0123456789abcdef0123456789abcdef0123456789abcdef\n","stream":"stdout","time":"2018-09-12T17:02:02.170828956Z"}
{"log":"1: 0123456789abcdef0123456789abcdef0123456789abcdef0123456789abcdef0123456789abcdef0123456789abcdef0123456789abcdef0123456789abcdef\n","stream":"stdout","time":"2018-09-12T17:02:02.170834841Z"}
{"log":"2: 0123456789abcdef0123456789abcdef0123456789abcdef0123456789abcdef0123456789abcdef0123456789abcdef0123456789abcdef0123456789abcdef\n","stream":"stdout","time":"2018-09-12T17:02:02.170839857Z"}
{"log":"3: 0123456789abcdef0123456789abcdef0123456789abcdef0123456789abcdef0123456789abcdef0123456789abcdef0123456789abcdef0123456789abcdef\n","stream":"stdout","time":"2018-09-12T17:02:02.170844615Z"}
{"log":"4: 0123456789abcdef0123456789abcdef0123456789abcdef0123456789abcdef0123456789abcdef0123456789abcdef0123456789abcdef0123456789abcdef\n","stream":"stdout","time":"2018-09-12T17:02:02.17084919Z"}
{"log":"5: 0123456789abcdef0123456789abcdef0123456789abcdef0123456789abcdef0123456789abcdef0123456789abcdef0123456789abcdef0123456789abcdef\n","stream":"stdout","time":"2018-09-12T17:02:02.170854063Z"}
{"log":"XXX_THE_END_OF_A_WHISK_ACTIVATION_XXX\n","stream":"stdout","time":"2018-09-12T17:02:02.170867613Z"}
{"log":"XXX_THE_END_OF_A_WHISK_ACTIVATION_XXX\n","stream":"stderr","time":"2018-09-12T17:02:02.171285587Z"}
{"log":"XXX_THE_START_OF_A_WHISK_ACTIVATION_XXX with id ccadaddb409f4acbadaddb409f8acb43\n","stream":"stderr","time":"2018-09-12T17:02:02.877258636Z"}
{"log":"XXX_THE_START_OF_A_WHISK_ACTIVATION_XXX with id ccadaddb409f4acbadaddb409f8acb43\n","stream":"stdout","time":"2018-09-12T17:02:02.877417699Z"}
{"log":"0: 0123456789abcdef0123456789abcdef0123456789abcdef0123456789abcdef0123456789abcdef0123456789abcdef0123456789abcdef0123456789abcdef\n","stream":"stdout","time":"2018-09-12T17:02:02.877430874Z"}
{"log":"1: 0123456789abcdef0123456789abcdef0123456789abcdef0123456789abcdef0123456789abcdef0123456789abcdef0123456789abcdef0123456789abcdef\n","stream":"stdout","time":"2018-09-12T17:02:02.877436631Z"}
{"log":"2: 0123456789abcdef0123456789abcdef0123456789abcdef0123456789abcdef0123456789abcdef0123456789abcdef0123456789abcdef0123456789abcdef\n","stream":"stdout","time":"2018-09-12T17:02:02.877441467Z"}
{"log":"3: 0123456789abcdef0123456789abcdef0123456789abcdef0123456789abcdef0123456789abcdef0123456789abcdef0123456789abcdef0123456789abcdef\n","stream":"stdout","time":"2018-09-12T17:02:02.877446227Z"}
{"log":"4: 0123456789abcdef0123456789abcdef0123456789abcdef0123456789abcdef0123456789abcdef0123456789abcdef0123456789abcdef0123456789abcdef\n","stream":"stdout","time":"2018-09-12T17:02:02.87745085Z"}
{"log":"5: 0123456789abcdef0123456789abcdef0123456789abcdef0123456789abcdef0123456789abcdef0123456789abcdef0123456789abcdef0123456789abcdef\n","stream":"stdout","time":"2018-09-12T17:02:02.877455505Z"}
{"log":"6: 0123456789abcdef0123456789abcdef0123456789abcdef0123456789abcdef0123456789abcdef0123456789abcdef0123456789abcdef0123456789abcdef\n","stream":"stdout","time":"2018-09-12T17:02:02.877460084Z"}
{"log":"XXX_THE_END_OF_A_WHISK_ACTIVATION_XXX\n","stream":"stdout","time":"2018-09-12T17:02:02.877477059Z"}
{"log":"XXX_THE_END_OF_A_WHISK_ACTIVATION_XXX\n","stream":"stderr","time":"2018-09-12T17:02:02.877606049Z"}
{"log":"XXX_THE_START_OF_A_WHISK_ACTIVATION_XXX with id 0556d0110ae0487b96d0110ae0887b59\n","stream":"stdout","time":"2018-09-12T17:01:57.901919923Z"}
{"log":"XXX_THE_START_OF_A_WHISK_ACTIVATION_XXX with id 0556d0110ae0487b96d0110ae0887b59\n","stream":"stderr","time":"2018-09-12T17:01:57.902590218Z"}
{"log":"0: 0123456789abcdef0123456789abcdef0123456789abcdef0123456789abcdef0123456789abcdef0123456789abcdef0123456789abcdef0123456789abcdef\n","stream":"stdout","time":"2018-09-12T17:01:57.902863972Z"}
{"log":"XXX_THE_END_OF_A_WHISK_ACTIVATION_XXX\n","stream":"stderr","time":"2018-09-12T17:01:57.903202351Z"}
{"log":"XXX_THE_END_OF_A_WHISK_ACTIVATION_XXX\n","stream":"stdout","time":"2018-09-12T17:01:57.903343602Z"}
{"log":"XXX_THE_START_OF_A_WHISK_ACTIVATION_XXX with id ede4944178c84254a4944178c82254b5\n","stream":"stdout","time":"2018-09-12T17:02:00.111240293Z"}
{"log":"0: 0123456789abcdef0123456789abcdef0123456789abcdef0123456789abcdef0123456789abcdef0123456789abcdef0123456789abcdef0123456789abcdef\n","stream":"stdout","time":"2018-09-12T17:02:00.111279879Z"}
{"log":"1: 0123456789abcdef0123456789abcdef0123456789abcdef0123456789abcdef0123456789abcdef0123456789abcdef0123456789abcdef0123456789abcdef\n","stream":"stdout","time":"2018-09-12T17:02:00.111286373Z"}
{"log":"XXX_THE_START_OF_A_WHISK_ACTIVATION_XXX with id ede4944178c84254a4944178c82254b5\n","stream":"stderr","time":"2018-09-12T17:02:00.111406981Z"}
{"log":"XXX_THE_END_OF_A_WHISK_ACTIVATION_XXX\n","stream":"stderr","time":"2018-09-12T17:02:00.111424423Z"}
{"log":"XXX_THE_END_OF_A_WHISK_ACTIVATION_XXX\n","stream":"stdout","time":"2018-09-12T17:02:00.111571362Z"}
{"log":"XXX_THE_START_OF_A_WHISK_ACTIVATION_XXX with id 982bc51e2ab14820abc51e2ab1f8206d\n","stream":"stderr","time":"2018-09-12T17:02:00.795529622Z"}
{"log":"XXX_THE_END_OF_A_WHISK_ACTIVATION_XXX\n","stream":"stderr","time":"2018-09-12T17:02:00.795582062Z"}
{"log":"XXX_THE_START_OF_A_WHISK_ACTIVATION_XXX with id 982bc51e2ab14820abc51e2ab1f8206d\n","stream":"stdout","time":"2018-09-12T17:02:00.795726083Z"}
{"log":"0: 0123456789abcdef0123456789abcdef0123456789abcdef0123456789abcdef0123456789abcdef0123456789abcdef0123456789abcdef0123456789abcdef\n","stream":"stdout","time":"2018-09-12T17:02:00.795736624Z"}
{"log":"1: 0123456789abcdef0123456789abcdef0123456789abcdef0123456789abcdef0123456789abcdef0123456789abcdef0123456789abcdef0123456789abcdef\n","stream":"stdout","time":"2018-09-12T17:02:00.795741846Z"}
{"log":"2: 0123456789abcdef0123456789abcdef0123456789abcdef0123456789abcdef0123456789abcdef0123456789abcdef0123456789abcdef0123456789abcdef\n","stream":"stdout","time":"2018-09-12T17:02:00.795746434Z"}
{"log":"3: 0123456789abcdef0123456789abcdef0123456789abcdef0123456789abcdef0123456789abcdef0123456789abcdef0123456789abcdef0123456789abcdef\n","stream":"stdout","time":"2018-09-12T17:02:00.795751135Z"}
{"log":"XXX_THE_END_OF_A_WHISK_ACTIVATION_XXX\n","stream":"stdout","time":"2018-09-12T17:02:00.795773698Z"}
{"log":"XXX_THE_START_OF_A_WHISK_ACTIVATION_XXX with id 04fd2e2d235f461cbd2e2d235f461cc9\n","stream":"stderr","time":"2018-09-12T17:02:01.500088654Z"}
{"log":"XXX_THE_END_OF_A_WHISK_ACTIVATION_XXX\n","stream":"stderr","time":"2018-09-12T17:02:01.50037489Z"}
{"log":"XXX_THE_START_OF_A_WHISK_ACTIVATION_XXX with id 04fd2e2d235f461cbd2e2d235f461cc9\n","stream":"stdout","time":"2018-09-12T17:02:01.501869646Z"}
{"log":"0: 0123456789abcdef0123456789abcdef0123456789abcdef0123456789abcdef0123456789abcdef0123456789abcdef0123456789abcdef0123456789abcdef\n","stream":"stdout","time":"2018-09-12T17:02:01.501901488Z"}
{"log":"1: 0123456789abcdef0123456789abcdef0123456789abcdef0123456789abcdef0123456789abcdef0123456789abcdef0123456789abcdef0123456789abcdef\n","stream":"stdout","time":"2018-09-12T17:02:01.50190772Z"}
{"log":"2: 0123456789abcdef0123456789abcdef0123456789abcdef0123456789abcdef0123456789abcdef0123456789abcdef0123456789abcdef0123456789abcdef\n","stream":"stdout","time":"2018-09-12T17:02:01.501912687Z"}
{"log":"3: 0123456789abcdef0123456789abcdef0123456789abcdef0123456789abcdef0123456789abcdef0123456789abcdef0123456789abcdef0123456789abcdef\n","stream":"stdout","time":"2018-09-12T17:02:01.501917741Z"}
{"log":"4: 0123456789abcdef0123456789abcdef0123456789abcdef0123456789abcdef0123456789abcdef0123456789abcdef0123456789abcdef0123456789abcdef\n","stream":"stdout","time":"2018-09-12T17:02:01.501924377Z"}
{"log":"XXX_THE_END_OF_A_WHISK_ACTIVATION_XXX\n","stream":"stdout","time":"2018-09-12T17:02:01.501954202Z"}
{"log":"XXX_THE_START_OF_A_WHISK_ACTIVATION_XXX with id a03c5c72fccb438dbc5c72fccb438da3\n","stream":"stderr","time":"2018-09-12T17:02:02.170667384Z"}
{"log":"XXX_THE_START_OF_A_WHISK_ACTIVATION_XXX with id a03c5c72fccb438dbc5c72fccb438da3\n","stream":"stdout","time":"2018-09-12T17:02:02.170809194Z"}
{"log":"0: 0123456789abcdef0123456789abcdef0123456789abcdef0123456789abcdef0123456789abcdef0123456789abcdef0123456789abcdef0123456789abcdef\n","stream":"stdout","time":"2018-09-12T17:02:02.170828956Z"}
{"log":"1: 0123456789abcdef0123456789abcdef0123456789abcdef0123456789abcdef0123456789abcdef0123456789abcdef0123456789abcdef0123456789abcdef\n","stream":"stdout","time":"2018-09-12T17:02:02.170834841Z"}
{"log":"2: 0123456789abcdef0123456789abcdef0123456789abcdef0123456789abcdef0123456789abcdef0123456789abcdef0123456789abcdef0123456789abcdef\n","stream":"stdout","time":"2018-09-12T17:02:02.170839857Z"}
{"log":"3: 0123456789abcdef0123456789abcdef0123456789abcdef0123456789abcdef0123456789abcdef0123456789abcdef0123456789abcdef0123456789abcdef\n","stream":"stdout","time":"2018-09-12T17:02:02.170844615Z"}
{"log":"4: 0123456789abcdef0123456789abcdef0123456789abcdef0123456789abcdef0123456789abcdef0123456789abcdef0123456789abcdef0123456789abcdef\n","stream":"stdout","time":"2018-09-12T17:02:02.17084919Z"}
{"log":"5: 0123456789abcdef0123456789abcdef0123456789abcdef0123456789abcdef0123456789abcdef0123456789abcdef0123456789abcdef0123456789abcdef\n","stream":"stdout","time":"2018-09-12T17:02:02.170854063Z"}
{"log":"XXX_THE_END_OF_A_WHISK_ACTIVATION_XXX\n","stream":"stdout","time":"2018-09-12T17:02:02.170867613Z"}
{"log":"XXX_THE_END_OF_A_WHISK_ACTIVATION_XXX\n","stream":"stderr","time":"2018-09-12T17:02:02.171285587Z"}
{"log":"XXX_THE_START_OF_A_WHISK_ACTIVATION_XXX with id ccadaddb409f4acbadaddb409f8acb43\n","stream":"stderr","time":"2018-09-12T17:02:02.877258636Z"}
{"log":"XXX_THE_START_OF_A_WHISK_ACTIVATION_XXX with id ccadaddb409f4acbadaddb409f8acb43\n","stream":"stdout","time":"2018-09-12T17:02:02.877417699Z"}
{"log":"0: 0123456789abcdef0123456789abcdef0123456789abcdef0123456789abcdef0123456789abcdef0123456789abcdef0123456789abcdef0123456789abcdef\n","stream":"stdout","time":"2018-09-12T17:02:02.877430874Z"}
{"log":"1: 0123456789abcdef0123456789abcdef0123456789abcdef0123456789abcdef0123456789abcdef0123456789abcdef0123456789abcdef0123456789abcdef\n","stream":"stdout","time":"2018-09-12T17:02:02.877436631Z"}
{"log":"2: 0123456789abcdef0123456789abcdef0123456789abcdef0123456789abcdef0123456789abcdef0123456789abcdef0123456789abcdef0123456789abcdef\n","stream":"stdout","time":"2018-09-12T17:02:02.877441467Z"}
{"log":"3: 0123456789abcdef0123456789abcdef0123456789abcdef0123456789abcdef0123456789abcdef0123456789abcdef0123456789abcdef0123456789abcdef\n","stream":"stdout","time":"2018-09-12T17:02:02.877446227Z"}
{"log":"4: 0123456789abcdef0123456789abcdef0123456789abcdef0123456789abcdef0123456789abcdef0123456789abcdef0123456789abcdef0123456789abcdef\n","stream":"stdout","time":"2018-09-12T17:02:02.87745085Z"}
{"log":"5: 0123456789abcdef0123456789abcdef0123456789abcdef0123456789abcdef0123456789abcdef0123456789abcdef0123456789abcdef0123456789abcdef\n","stream":"stdout","time":"2018-09-12T17:02:02.877455505Z"}
{"log":"6: 0123456789abcdef0123456789abcdef0123456789abcdef0123456789abcdef0123456789abcdef0123456789abcdef0123456789abcdef0123456789abcdef\n","stream":"stdout","time":"2018-09-12T17:02:02.877460084Z"}
{"log":"XXX_THE_END_OF_A_WHISK_ACTIVATION_XXX\n","stream":"stdout","time":"2018-09-12T17:02:02.877477059Z"}
{"log":"XXX_THE_END_OF_A_WHISK_ACTIVATION_XXX\n","stream":"stderr","time":"2018-09-12T17:02:02.877606049Z"}
{"log":"XXX_THE_START_OF_A_WHISK_ACTIVATION_XXX with id 0556d0110ae0487b96d0110ae0887b59\n","stream":"stdout","time":"2018-09-12T17:01:57.901919923Z"}
{"log":"XXX_THE_START_OF_A_WHISK_ACTIVATION_XXX with id 0556d0110ae0487b96d0110ae0887b59\n","stream":"stderr","time":"2018-09-12T17:01:57.902590218Z"}
{"log":"0: 0123456789abcdef0123456789abcdef0123456789abcdef0123456789abcdef0123456789abcdef0123456789abcdef0123456789abcdef0123456789abcdef\n","stream":"stdout","time":"2018-09-12T17:01:57.902863972Z"}
{"log":"XXX_THE_END_OF_A_WHISK_ACTIVATION_XXX\n","stream":"stderr","time":"2018-09-12T17:01:57.903202351Z"}
{"log":"XXX_THE_END_OF_A_WHISK_ACTIVATION_XXX\n","stream":"stdout","time":"2018-09-12T17:01:57.903343602Z"}
{"log":"XXX_THE_START_OF_A_WHISK_ACTIVATION_XXX with id ede4944178c84254a4944178c82254b5\n","stream":"stdout","time":"2018-09-12T17:02:00.111240293Z"}
{"log":"0: 0123456789abcdef0123456789abcdef0123456789abcdef0123456789abcdef0123456789abcdef0123456789abcdef0123456789abcdef0123456789abcdef\n","stream":"stdout","time":"2018-09-12T17:02:00.111279879Z"}
{"log":"1: 0123456789abcdef0123456789abcdef0123456789abcdef0123456789abcdef0123456789abcdef0123456789abcdef0123456789abcdef0123456789abcdef\n","stream":"stdout","time":"2018-09-12T17:02:00.111286373Z"}
{"log":"XXX_THE_START_OF_A_WHISK_ACTIVATION_XXX with id ede4944178c84254a4944178c82254b5\n","stream":"stderr","time":"2018-09-12T17:02:00.111406981Z"}
{"log":"XXX_THE_END_OF_A_WHISK_ACTIVATION_XXX\n","stream":"stderr","time":"2018-09-12T17:02:00.111424423Z"}
{"log":"XXX_THE_END_OF_A_WHISK_ACTIVATION_XXX\n","stream":"stdout","time":"2018-09-12T17:02:00.111571362Z"}
{"log":"XXX_THE_START_OF_A_WHISK_ACTIVATION_XXX with id 982bc51e2ab14820abc51e2ab1f8206d\n","stream":"stderr","time":"2018-09-12T17:02:00.795529622Z"}
{"log":"XXX_THE_END_OF_A_WHISK_ACTIVATION_XXX\n","stream":"stderr","time":"2018-09-12T17:02:00.795582062Z"}
{"log":"XXX_THE_START_OF_A_WHISK_ACTIVATION_XXX with id 982bc51e2ab14820abc51e2ab1f8206d\n","stream":"stdout","time":"2018-09-12T17:02:00.795726083Z"}
{"log":"0: 0123456789abcdef0123456789abcdef0123456789abcdef0123456789abcdef0123456789abcdef0123456789abcdef0123456789abcdef0123456789abcdef\n","stream":"stdout","time":"2018-09-12T17:02:00.795736624Z"}
{"log":"1: 0123456789abcdef0123456789abcdef0123456789abcdef0123456789abcdef0123456789abcdef0123456789abcdef0123456789abcdef0123456789abcdef\n","stream":"stdout","time":"2018-09-12T17:02:00.795741846Z"}
{"log":"2: 0123456789abcdef0123456789abcdef0123456789abcdef0123456789abcdef0123456789abcdef0123456789abcdef0123456789abcdef0123456789abcdef\n","stream":"stdout","time":"2018-09-12T17:02:00.795746434Z"}
{"log":"3: 0123456789abcdef0123456789abcdef0123456789abcdef0123456789abcdef0123456789abcdef0123456789abcdef0123456789abcdef0123456789abcdef\n","stream":"stdout","time":"2018-09-12T17:02:00.795751135Z"}
{"log":"XXX_THE_END_OF_A_WHISK_ACTIVATION_XXX\n","stream":"stdout","time":"2018-09-12T17:02:00.795773698Z"}
{"log":"XXX_THE_START_OF_A_WHISK_ACTIVATION_XXX with id 04fd2e2d235f461cbd2e2d235f461cc9\n","stream":"stderr","time":"2018-09-12T17:02:01.500088654Z"}
{"log":"XXX_THE_END_OF_A_WHISK_ACTIVATION_XXX\n","stream":"stderr","time":"2018-09-12T17:02:01.50037489Z"}
{"log":"XXX_THE_START_OF_A_WHISK_ACTIVATION_XXX with id 04fd2e2d235f461cbd2e2d235f461cc9\n","stream":"stdout","time":"2018-09-12T17:02:01.501869646Z"}
{"log":"0: 0123456789abcdef0123456789abcdef0123456789abcdef0123456789abcdef0123456789abcdef0123456789abcdef0123456789abcdef0123456789abcdef\n","stream":"stdout","time":"2018-09-12T17:02:01.501901488Z"}
{"log":"1: 0123456789abcdef0123456789abcdef0123456789abcdef0123456789abcdef0123456789abcdef0123456789abcdef0123456789abcdef0123456789abcdef\n","stream":"stdout","time":"2018-09-12T17:02:01.50190772Z"}
{"log":"2: 0123456789abcdef0123456789abcdef0123456789abcdef0123456789abcdef0123456789abcdef0123456789abcdef0123456789abcdef0123456789abcdef\n","stream":"stdout","time":"2018-09-12T17:02:01.501912687Z"}
{"log":"3: 0123456789abcdef0123456789abcdef0123456789abcdef0123456789abcdef0123456789abcdef0123456789abcdef0123456789abcdef0123456789abcdef\n","stream":"stdout","time":"2018-09-12T17:02:01.501917741Z"}
{"log":"4: 0123456789abcdef0123456789abcdef0123456789abcdef0123456789abcdef0123456789abcdef0123456789abcdef0123456789abcdef0123456789abcdef\n","stream":"stdout","time":"2018-09-12T17:02:01.501924377Z"}
{"log":"XXX_THE_END_OF_A_WHISK_ACTIVATION_XXX\n","stream":"stdout","time":"2018-09-12T17:02:01.501954202Z"}
{"log":"XXX_THE_START_OF_A_WHISK_ACTIVATION_XXX with id a03c5c72fccb438dbc5c72fccb438da3\n","stream":"stderr","time":"2018-09-12T17:02:02.170667384Z"}
{"log":"XXX_THE_START_OF_A_WHISK_ACTIVATION_XXX with id a03c5c72fccb438dbc5c72fccb438da3\n","stream":"stdout","time":"2018-09-12T17:02:02.170809194Z"}
{"log":"0: 0123456789abcdef0123456789abcdef0123456789abcdef0123456789abcdef0123456789abcdef0123456789abcdef0123456789abcdef0123456789abcdef\n","stream":"stdout","time":"2018-09-12T17:02:02.170828956Z"}
{"log":"1: 0123456789abcdef0123456789abcdef0123456789abcdef0123456789abcdef0123456789abcdef0123456789abcdef0123456789abcdef0123456789abcdef\n","stream":"stdout","time":"2018-09-12T17:02:02.170834841Z"}
{"log":"2: 0123456789abcdef0123456789abcdef0123456789abcdef0123456789abcdef0123456789abcdef0123456789abcdef0123456789abcdef0123456789abcdef\n","stream":"stdout","time":"2018-09-12T17:02:02.170839857Z"}
{"log":"3: 0123456789abcdef0123456789abcdef0123456789abcdef0123456789abcdef0123456789abcdef0123456789abcdef0123456789abcdef0123456789abcdef\n","stream":"stdout","time":"2018-09-12T17:02:02.170844615Z"}
{"log":"4: 0123456789abcdef0123456789abcdef0123456789abcdef0123456789abcdef0123456789abcdef0123456789abcdef0123456789abcdef0123456789abcdef\n","stream":"stdout","time":"2018-09-12T17:02:02.17084919Z"}
{"log":"5: 0123456789abcdef0123456789abcdef0123456789abcdef0123456789abcdef0123456789abcdef0123456789abcdef0123456789abcdef0123456789abcdef\n","stream":"stdout","time":"2018-09-12T17:02:02.170854063Z"}
{"log":"XXX_THE_END_OF_A_WHISK_ACTIVATION_XXX\n","stream":"stdout","time":"2018-09-12T17:02:02.170867613Z"}
{"log":"XXX_THE_END_OF_A_WHISK_ACTIVATION_XXX\n","stream":"stderr","time":"2018-09-12T17:02:02.171285587Z"}
{"log":"XXX_THE_START_OF_A_WHISK_ACTIVATION_XXX with id ccadaddb409f4acbadaddb409f8acb43\n","stream":"stderr","time":"2018-09-12T17:02:02.877258636Z"}
{"log":"XXX_THE_START_OF_A_WHISK_ACTIVATION_XXX with id ccadaddb409f4acbadaddb409f8acb43\n","stream":"stdout","time":"2018-09-12T17:02:02.877417699Z"}
{"log":"0: 0123456789abcdef0123456789abcdef0123456789abcdef0123456789abcdef0123456789abcdef0123456789abcdef0123456789abcdef0123456789abcdef\n","stream":"stdout","time":"2018-09-12T17:02:02.877430874Z"}
{"log":"1: 0123456789abcdef0123456789abcdef0123456789abcdef0123456789abcdef0123456789abcdef0123456789abcdef0123456789abcdef0123456789abcdef\n","stream":"stdout","time":"2018-09-12T17:02:02.877436631Z"}
{"log":"2: 0123456789abcdef0123456789abcdef0123456789abcdef0123456789abcdef0123456789abcdef0123456789abcdef0123456789abcdef0123456789abcdef\n","stream":"stdout","time":"2018-09-12T17:02:02.877441467Z"}
{"log":"3: 0123456789abcdef0123456789abcdef0123456789abcdef0123456789abcdef0123456789abcdef0123456789abcdef0123456789abcdef0123456789abcdef\n","stream":"stdout","time":"2018-09-12T17:02:02.877446227Z"}
{"log":"4: 0123456789abcdef0123456789abcdef0123456789abcdef0123456789abcdef0123456789abcdef0123456789abcdef0123456789abcdef0123456789abcdef\n","stream":"stdout","time":"2018-09-12T17:02:02.87745085Z"}
{"log":"5: 0123456789abcdef0123456789abcdef0123456789abcdef0123456789abcdef0123456789abcdef0123456789abcdef0123456789abcdef0123456789abcdef\n","stream":"stdout","time":"2018-09-12T17:02:02.877455505Z"}
{"log":"6: 0123456789abcdef0123456789abcdef0123456789abcdef0123456789abcdef0123456789abcdef0123456789abcdef0123456789abcdef0123456789abcdef\n","stream":"stdout","time":"2018-09-12T17:02:02.877460084Z"}
{"log":"XXX_THE_END_OF_A_WHISK_ACTIVATION_XXX\n","stream":"stdout","time":"2018-09-12T17:02:02.877477059Z"}
{"log":"XXX_THE_END_OF_A_WHISK_ACTIVATION_XXX\n","stream":"stderr","time":"2018-09-12T17:02:02.877606049Z"}
{"log":"XXX_THE_START_OF_A_WHISK_ACTIVATION_XXX with id 0556d0110ae0487b96d0110ae0887b59\n","stream":"stdout","time":"2018-09-12T17:01:57.901919923Z"}
{"log":"XXX_THE_START_OF_A_WHISK_ACTIVATION_XXX with id 0556d0110ae0487b96d0110ae0887b59\n","stream":"stderr","time":"2018-09-12T17:01:57.902590218Z"}
{"log":"0: 0123456789abcdef0123456789abcdef0123456789abcdef0123456789abcdef0123456789abcdef0123456789abcdef0123456789abcdef0123456789abcdef\n","stream":"stdout","time":"2018-09-12T17:01:57.902863972Z"}
{"log":"XXX_THE_END_OF_A_WHISK_ACTIVATION_XXX\n","stream":"stderr","time":"2018-09-12T17:01:57.903202351Z"}
{"log":"XXX_THE_END_OF_A_WHISK_ACTIVATION_XXX\n","stream":"stdout","time":"2018-09-12T17:01:57.903343602Z"}
{"log":"XXX_THE_START_OF_A_WHISK_ACTIVATION_XXX with id ede4944178c84254a4944178c82254b5\n","stream":"stdout","time":"2018-09-12T17:02:00.111240293Z"}
{"log":"0: 0123456789abcdef0123456789abcdef0123456789abcdef0123456789abcdef0123456789abcdef0123456789abcdef0123456789abcdef0123456789abcdef\n","stream":"stdout","time":"2018-09-12T17:02:00.111279879Z"}
{"log":"1: 0123456789abcdef0123456789abcdef0123456789abcdef0123456789abcdef0123456789abcdef0123456789abcdef0123456789abcdef0123456789abcdef\n","stream":"stdout","time":"2018-09-12T17:02:00.111286373Z"}
{"log":"XXX_THE_START_OF_A_WHISK_ACTIVATION_XXX with id ede4944178c84254a4944178c82254b5\n","stream":"stderr","time":"2018-09-12T17:02:00.111406981Z"}
{"log":"XXX_THE_END_OF_A_WHISK_ACTIVATION_XXX\n","stream":"stderr","time":"2018-09-12T17:02:00.111424423Z"}
{"log":"XXX_THE_END_OF_A_WHISK_ACTIVATION_XXX\n","stream":"stdout","time":"2018-09-12T17:02:00.111571362Z"}
{"log":"XXX_THE_START_OF_A_WHISK_ACTIVATION_XXX with id 982bc51e2ab14820abc51e2ab1f8206d\n","stream":"stderr","time":"2018-09-12T17:02:00.795529622Z"}
{"log":"XXX_THE_END_OF_A_WHISK_ACTIVATION_XXX\n","stream":"stderr","time":"2018-09-12T17:02:00.795582062Z"}
{"log":"XXX_THE_START_OF_A_WHISK_ACTIVATION_XXX with id 982bc51e2ab14820abc51e2ab1f8206d\n","stream":"stdout","time":"2018-09-12T17:02:00.795726083Z"}
{"log":"0: 0123456789abcdef0123456789abcdef0123456789abcdef0123456789abcdef0123456789abcdef0123456789abcdef0123456789abcdef0123456789abcdef\n","stream":"stdout","time":"2018-09-12T17:02:00.795736624Z"}
{"log":"1: 0123456789abcdef0123456789abcdef0123456789abcdef0123456789abcdef0123456789abcdef0123456789abcdef0123456789abcdef0123456789abcdef\n","stream":"stdout","time":"2018-09-12T17:02:00.795741846Z"}
{"log":"2: 0123456789abcdef0123456789abcdef0123456789abcdef0123456789abcdef0123456789abcdef0123456789abcdef0123456789abcdef0123456789abcdef\n","stream":"stdout","time":"2018-09-12T17:02:00.795746434Z"}
{"log":"3: 0123456789abcdef0123456789abcdef0123456789abcdef0123456789abcdef0123456789abcdef0123456789abcdef0123456789abcdef0123456789abcdef\n","stream":"stdout","time":"2018-09-12T17:02:00.795751135Z"}
{"log":"XXX_THE_END_OF_A_WHISK_ACTIVATION_XXX\n","stream":"stdout","time":"2018-09-12T17:02:00.795773698Z"}
{"log":"XXX_THE_START_OF_A_WHISK_ACTIVATION_XXX with id 04fd2e2d235f461cbd2e2d235f461cc9\n","stream":"stderr","time":"2018-09-12T17:02:01.500088654Z"}
{"log":"XXX_THE_END_OF_A_WHISK_ACTIVATION_XXX\n","stream":"stderr","time":"2018-09-12T17:02:01.50037489Z"}
{"log":"XXX_THE_START_OF_A_WHISK_ACTIVATION_XXX with id 04fd2e2d235f461cbd2e2d235f461cc9\n","stream":"stdout","time":"2018-09-12T17:02:01.501869646Z"}
{"log":"0: 0123456789abcdef0123456789abcdef0123456789abcdef0123456789abcdef0123456789abcdef0123456789abcdef0123456789abcdef0123456789abcdef\n","stream":"stdout","time":"2018-09-12T17:02:01.501901488Z"}
{"log":"1: 0123456789abcdef0123456789abcdef0123456789abcdef0123456789abcdef0123456789abcdef0123456789abcdef0123456789abcdef0123456789abcdef\n","stream":"stdout","time":"2018-09-12T17:02:01.50190772Z"}
{"log":"2: 0123456789abcdef0123456789abcdef0123456789abcdef0123456789abcdef0123456789abcdef0123456789abcdef0123456789abcdef0123456789abcdef\n","stream":"stdout","time":"2018-09-12T17:02:01.501912687Z"}
{"log":"3: 0123456789abcdef0123456789abcdef0123456789abcdef0123456789abcdef0123456789abcdef0123456789abcdef0123456789abcdef0123456789abcdef\n","stream":"stdout","time":"2018-09-12T17:02:01.501917741Z"}
{"log":"4: 0123456789abcdef0123456789abcdef0123456789abcdef0123456789abcdef0123456789abcdef0123456789abcdef0123456789abcdef0123456789abcdef\n","stream":"stdout","time":"2018-09-12T17:02:01.501924377Z"}
{"log":"XXX_THE_END_OF_A_WHISK_ACTIVATION_XXX\n","stream":"stdout","time":"2018-09-12T17:02:01.501954202Z"}
{"log":"XXX_THE_START_OF_A_WHISK_ACTIVATION_XXX with id a03c5c72fccb438dbc5c72fccb438da3\n","stream":"stderr","time":"2018-09-12T17:02:02.170667384Z"}
{"log":"XXX_THE_START_OF_A_WHISK_ACTIVATION_XXX with id a03c5c72fccb438dbc5c72fccb438da3\n","stream":"stdout","time":"2018-09-12T17:02:02.170809194Z"}
{"log":"0: 0123456789abcdef0123456789abcdef0123456789abcdef0123456789abcdef0123456789abcdef0123456789abcdef0123456789abcdef0123456789abcdef\n","stream":"stdout","time":"2018-09-12T17:02:02.170828956Z"}
{"log":"1: 0123456789abcdef0123456789abcdef0123456789abcdef0123456789abcdef0123456789abcdef0123456789abcdef0123456789abcdef0123456789abcdef\n","stream":"stdout","time":"2018-09-12T17:02:02.170834841Z"}
{"log":"2: 0123456789abcdef0123456789abcdef0123456789abcdef0123456789abcdef0123456789abcdef0123456789abcdef0123456789abcdef0123456789abcdef\n","stream":"stdout","time":"2018-09-12T17:02:02.170839857Z"}
{"log":"3: 0123456789abcdef0123456789abcdef0123456789abcdef0123456789abcdef0123456789abcdef0123456789abcdef0123456789abcdef0123456789abcdef\n","stream":"stdout","time":"2018-09-12T17:02:02.170844615Z"}
{"log":"4: 0123456789abcdef0123456789abcdef0123456789abcdef0123456789abcdef0123456789abcdef0123456789abcdef0123456789abcdef0123456789abcdef\n","stream":"stdout","time":"2018-09-12T17:02:02.17084919Z"}
{"log":"5: 0123456789abcdef0123456789abcdef0123456789abcdef0123456789abcdef0123456789abcdef0123456789abcdef0123456789abcdef0123456789abcdef\n","stream":"stdout","time":"2018-09-12T17:02:02.170854063Z"}
{"log":"XXX_THE_END_OF_A_WHISK_ACTIVATION_XXX\n","stream":"stdout","time":"2018-09-12T17:02:02.170867613Z"}
{"log":"XXX_THE_END_OF_A_WHISK_ACTIVATION_XXX\n","stream":"stderr","time":"2018-09-12T17:02:02.171285587Z"}
{"log":"XXX_THE_START_OF_A_WHISK_ACTIVATION_XXX with id ccadaddb409f4acbadaddb409f8acb43\n","stream":"stderr","time":"2018-09-12T17:02:02.877258636Z"}
{"log":"XXX_THE_START_OF_A_WHISK_ACTIVATION_XXX with id ccadaddb409f4acbadaddb409f8acb43\n","stream":"stdout","time":"2018-09-12T17:02:02.877417699Z"}
{"log":"0: 0123456789abcdef0123456789abcdef0123456789abcdef0123456789abcdef0123456789abcdef0123456789abcdef0123456789abcdef0123456789abcdef\n","stream":"stdout","time":"2018-09-12T17:02:02.877430874Z"}
{"log":"1: 0123456789abcdef0123456789abcdef0123456789abcdef0123456789abcdef0123456789abcdef0123456789abcdef0123456789abcdef0123456789abcdef\n","stream":"stdout","time":"2018-09-12T17:02:02.877436631Z"}
{"log":"2: 0123456789abcdef0123456789abcdef0123456789abcdef0123456789abcdef0123456789abcdef0123456789abcdef0123456789abcdef0123456789abcdef\n","stream":"stdout","time":"2018-09-12T17:02:02.877441467Z"}
{"log":"3: 0123456789abcdef0123456789abcdef0123456789abcdef0123456789abcdef0123456789abcdef0123456789abcdef0123456789abcdef0123456789abcdef\n","stream":"stdout","time":"2018-09-12T17:02:02.877446227Z"}
{"log":"4: 0123456789abcdef0123456789abcdef0123456789abcdef0123456789abcdef0123456789abcdef0123456789abcdef0123456789abcdef0123456789abcdef\n","stream":"stdout","time":"2018-09-12T17:02:02.87745085Z"}
{"log":"5: 0123456789abcdef0123456789abcdef0123456789abcdef0123456789abcdef0123456789abcdef0123456789abcdef0123456789abcdef0123456789abcdef\n","stream":"stdout","time":"2018-09-12T17:02:02.877455505Z"}
{"log":"6: 0123456789abcdef0123456789abcdef0123456789abcdef0123456789abcdef0123456789abcdef0123456789abcdef0123456789abcdef0123456789abcdef\n","stream":"stdout","time":"2018-09-12T17:02:02.877460084Z"}
{"log":"XXX_THE_END_OF_A_WHISK_ACTIVATION_XXX\n","stream":"stdout","time":"2018-09-12T17:02:02.877477059Z"}
{"log":"XXX_THE_END_OF_A_WHISK_ACTIVATION_XXX\n","stream":"stderr","time":"2018-09-12T17:02:02.877606049Z"}
